<?xml version="1.0" encoding="UTF-8"?>
<!-- Generated by org.testng.reporters.JUnitReportReporter -->
<testsuite hostname="C102" failures="0" tests="1" name="Testcase.TC_HomePage" time="48.834" errors="0" timestamp="2023-03-02T15:19:00 IST" skipped="0">
  <testcase classname="Testcase.TC_HomePage" name="HomePageNavigation" time="48.834"/>
  <system-out/>
</testsuite> <!-- Testcase.TC_HomePage -->
